1871 [main] INFO  c.example.task21.Task21Application – Starting Task21Application using Java 11.0.14 on HP840 with PID 19624 (C:\Users\Maleshen\IdeaProjects\JavaPatternMirea\task21\target\classes started by Maleshen in C:\Users\Maleshen\IdeaProjects\JavaPatternMirea)
1892 [main] INFO  c.example.task21.Task21Application – No active profile set, falling back to 1 default profile: "default"
3742 [main] INFO  o.s.d.r.c.RepositoryConfigurationDelegate – Bootstrapping Spring Data JPA repositories in DEFAULT mode.
3876 [main] INFO  o.s.d.r.c.RepositoryConfigurationDelegate – Finished Spring Data repository scanning in 107 ms. Found 2 JPA repository interfaces.
5902 [main] INFO  o.s.b.w.e.tomcat.TomcatWebServer – Tomcat initialized with port(s): 8084 (http)
5958 [main] INFO  o.a.coyote.http11.Http11NioProtocol – Initializing ProtocolHandler ["http-nio-8084"]
5958 [main] INFO  o.a.catalina.core.StandardService – Starting service [Tomcat]
5963 [main] INFO  o.a.catalina.core.StandardEngine – Starting Servlet engine: [Apache Tomcat/9.0.58]
6214 [main] INFO  o.a.c.c.C.[Tomcat].[localhost].[/] – Initializing Spring embedded WebApplicationContext
6214 [main] INFO  o.s.b.w.s.c.ServletWebServerApplicationContext – Root WebApplicationContext: initialization completed in 4183 ms
6574 [main] INFO  com.zaxxer.hikari.HikariDataSource – HikariPool-1 - Starting...
7012 [main] INFO  com.zaxxer.hikari.HikariDataSource – HikariPool-1 - Start completed.
7087 [main] INFO  o.h.jpa.internal.util.LogHelper – HHH000204: Processing PersistenceUnitInfo [name: default]
7201 [main] INFO  org.hibernate.Version – HHH000412: Hibernate ORM core version 5.6.5.Final
7614 [main] INFO  o.h.annotations.common.Version – HCANN000001: Hibernate Commons Annotations {5.1.2.Final}
7866 [main] INFO  org.hibernate.dialect.Dialect – HHH000400: Using dialect: org.hibernate.dialect.PostgreSQL10Dialect
8941 [main] INFO  o.h.e.t.j.p.i.JtaPlatformInitiator – HHH000490: Using JtaPlatform implementation: [org.hibernate.engine.transaction.jta.platform.internal.NoJtaPlatform]
8949 [main] INFO  o.s.o.j.LocalContainerEntityManagerFactoryBean – Initialized JPA EntityManagerFactory for persistence unit 'default'
9706 [main] WARN  o.s.b.a.o.j.JpaBaseConfiguration$JpaWebConfiguration – spring.jpa.open-in-view is enabled by default. Therefore, database queries may be performed during view rendering. Explicitly configure spring.jpa.open-in-view to disable this warning
10372 [main] INFO  o.a.coyote.http11.Http11NioProtocol – Starting ProtocolHandler ["http-nio-8084"]
10405 [main] INFO  o.s.b.w.e.tomcat.TomcatWebServer – Tomcat started on port(s): 8084 (http) with context path ''
10436 [main] INFO  c.example.task21.Task21Application – Started Task21Application in 9.839 seconds (JVM running for 17.842)
29391 [http-nio-8084-exec-2] INFO  o.a.c.c.C.[Tomcat].[localhost].[/] – Initializing Spring DispatcherServlet 'dispatcherServlet'
29391 [http-nio-8084-exec-2] INFO  o.s.web.servlet.DispatcherServlet – Initializing Servlet 'dispatcherServlet'
29391 [http-nio-8084-exec-2] INFO  o.s.web.servlet.DispatcherServlet – Completed initialization in 0 ms
29487 [http-nio-8084-exec-2] INFO  c.e.task21.services.PhoneService – Read all phones
29793 [http-nio-8084-exec-2] INFO  com.example.task21.AOPClass – PhoneService.readAll() completed in 322 ms
316482 [http-nio-8084-exec-5] INFO  c.e.task21.services.PhoneService – Create phone Phone(id=null, name=GoldenMr, creationYear=2005, manufactures=null)
316810 [http-nio-8084-exec-5] INFO  com.example.task21.AOPClass – PhoneService.create(..) completed in 328 ms
319469 [task-1] INFO  com.example.task21.AOPClass – EmailService.sendNotification(..) completed in 2659 ms
659255 [http-nio-8084-exec-8] INFO  c.e.task21.services.PhoneService – Create phone Phone(id=null, name=Samsung, creationYear=2012, manufactures=null)
659263 [http-nio-8084-exec-8] INFO  com.example.task21.AOPClass – PhoneService.create(..) completed in 8 ms
660527 [task-2] INFO  com.example.task21.AOPClass – EmailService.sendNotification(..) completed in 1264 ms
710998 [SpringApplicationShutdownHook] INFO  o.s.o.j.LocalContainerEntityManagerFactoryBean – Closing JPA EntityManagerFactory for persistence unit 'default'
711029 [SpringApplicationShutdownHook] INFO  com.zaxxer.hikari.HikariDataSource – HikariPool-1 - Shutdown initiated...
711041 [SpringApplicationShutdownHook] INFO  com.zaxxer.hikari.HikariDataSource – HikariPool-1 - Shutdown completed.
