2848 [main] INFO  c.example.task19.Task19Application – Starting Task19Application using Java 11.0.14 on HP840 with PID 18936 (C:\Users\Maleshen\IdeaProjects\JavaPatternMirea\task19\target\classes started by Maleshen in C:\Users\Maleshen\IdeaProjects\JavaPatternMirea)
2853 [main] INFO  c.example.task19.Task19Application – No active profile set, falling back to 1 default profile: "default"
4209 [main] INFO  o.s.d.r.c.RepositoryConfigurationDelegate – Bootstrapping Spring Data JPA repositories in DEFAULT mode.
4298 [main] INFO  o.s.d.r.c.RepositoryConfigurationDelegate – Finished Spring Data repository scanning in 76 ms. Found 2 JPA repository interfaces.
5718 [main] INFO  o.s.b.w.e.tomcat.TomcatWebServer – Tomcat initialized with port(s): 8084 (http)
5731 [main] INFO  o.a.coyote.http11.Http11NioProtocol – Initializing ProtocolHandler ["http-nio-8084"]
5732 [main] INFO  o.a.catalina.core.StandardService – Starting service [Tomcat]
5732 [main] INFO  o.a.catalina.core.StandardEngine – Starting Servlet engine: [Apache Tomcat/9.0.58]
5852 [main] INFO  o.a.c.c.C.[Tomcat].[localhost].[/] – Initializing Spring embedded WebApplicationContext
5854 [main] INFO  o.s.b.w.s.c.ServletWebServerApplicationContext – Root WebApplicationContext: initialization completed in 2844 ms
6033 [main] INFO  com.zaxxer.hikari.HikariDataSource – HikariPool-1 - Starting...
6283 [main] INFO  com.zaxxer.hikari.HikariDataSource – HikariPool-1 - Start completed.
6343 [main] INFO  o.h.jpa.internal.util.LogHelper – HHH000204: Processing PersistenceUnitInfo [name: default]
6398 [main] INFO  org.hibernate.Version – HHH000412: Hibernate ORM core version 5.6.5.Final
6589 [main] INFO  o.h.annotations.common.Version – HCANN000001: Hibernate Commons Annotations {5.1.2.Final}
6736 [main] INFO  org.hibernate.dialect.Dialect – HHH000400: Using dialect: org.hibernate.dialect.PostgreSQL10Dialect
7488 [main] INFO  o.h.e.t.j.p.i.JtaPlatformInitiator – HHH000490: Using JtaPlatform implementation: [org.hibernate.engine.transaction.jta.platform.internal.NoJtaPlatform]
7498 [main] INFO  o.s.o.j.LocalContainerEntityManagerFactoryBean – Initialized JPA EntityManagerFactory for persistence unit 'default'
7910 [main] WARN  o.s.b.a.o.j.JpaBaseConfiguration$JpaWebConfiguration – spring.jpa.open-in-view is enabled by default. Therefore, database queries may be performed during view rendering. Explicitly configure spring.jpa.open-in-view to disable this warning
8342 [main] INFO  o.a.coyote.http11.Http11NioProtocol – Starting ProtocolHandler ["http-nio-8084"]
8383 [main] INFO  o.s.b.w.e.tomcat.TomcatWebServer – Tomcat started on port(s): 8084 (http) with context path ''
8395 [main] INFO  c.example.task19.Task19Application – Started Task19Application in 7.338 seconds (JVM running for 9.778)
32394 [http-nio-8084-exec-2] INFO  o.a.c.c.C.[Tomcat].[localhost].[/] – Initializing Spring DispatcherServlet 'dispatcherServlet'
32394 [http-nio-8084-exec-2] INFO  o.s.web.servlet.DispatcherServlet – Initializing Servlet 'dispatcherServlet'
32396 [http-nio-8084-exec-2] INFO  o.s.web.servlet.DispatcherServlet – Completed initialization in 2 ms
32430 [http-nio-8084-exec-2] INFO  com.example.task19.PhoneService – Read all phones
47436 [http-nio-8084-exec-3] INFO  com.example.task19.PhoneService – Find phones by name = Xiaomi
57609 [SpringApplicationShutdownHook] INFO  o.s.o.j.LocalContainerEntityManagerFactoryBean – Closing JPA EntityManagerFactory for persistence unit 'default'
57614 [SpringApplicationShutdownHook] INFO  com.zaxxer.hikari.HikariDataSource – HikariPool-1 - Shutdown initiated...
57627 [SpringApplicationShutdownHook] INFO  com.zaxxer.hikari.HikariDataSource – HikariPool-1 - Shutdown completed.
